09/23/15 21:53:20 Setting maximum accepts per cycle 8.
09/23/15 21:53:20 ******************************************************
09/23/15 21:53:20 ** condor_scheduniv_exec.157.0 (CONDOR_DAGMAN) STARTING UP
09/23/15 21:53:20 ** /usr/bin/condor_dagman
09/23/15 21:53:20 ** SubsystemInfo: name=DAGMAN type=DAGMAN(10) class=DAEMON(1)
09/23/15 21:53:20 ** Configuration: subsystem:DAGMAN local:<NONE> class:DAEMON
09/23/15 21:53:20 ** $CondorVersion: 7.8.2 Feb 02 2015 Debian-7.8.2~dfsg.1-1+deb7u3 $
09/23/15 21:53:20 ** $CondorPlatform: ARMV7L-Raspbian_7 $
09/23/15 21:53:20 ** PID = 4545
09/23/15 21:53:20 ** Log last touched time unavailable (No such file or directory)
09/23/15 21:53:20 ******************************************************
09/23/15 21:53:20 Using config source: /etc/condor/condor_config
09/23/15 21:53:20 Using local config sources: 
09/23/15 21:53:20    /etc/condor/config.d/90-condor-head
09/23/15 21:53:20    /etc/condor/config.d/99sendmail.config
09/23/15 21:53:20    /etc/condor/condor_config.local
09/23/15 21:53:20 DaemonCore: command socket at <10.1.8.1:42424>
09/23/15 21:53:20 DaemonCore: private command socket at <10.1.8.1:42424>
09/23/15 21:53:20 Setting maximum accepts per cycle 8.
09/23/15 21:53:20 DAGMAN_USE_STRICT setting: 0
09/23/15 21:53:20 DAGMAN_VERBOSITY setting: 3
09/23/15 21:53:20 DAGMAN_DEBUG_CACHE_SIZE setting: 5242880
09/23/15 21:53:20 DAGMAN_DEBUG_CACHE_ENABLE setting: False
09/23/15 21:53:20 DAGMAN_SUBMIT_DELAY setting: 0
09/23/15 21:53:20 DAGMAN_MAX_SUBMIT_ATTEMPTS setting: 6
09/23/15 21:53:20 DAGMAN_STARTUP_CYCLE_DETECT setting: False
09/23/15 21:53:20 DAGMAN_MAX_SUBMITS_PER_INTERVAL setting: 5
09/23/15 21:53:20 DAGMAN_USER_LOG_SCAN_INTERVAL setting: 5
09/23/15 21:53:20 allow_events (DAGMAN_IGNORE_DUPLICATE_JOB_EXECUTION, DAGMAN_ALLOW_EVENTS) setting: 114
09/23/15 21:53:20 DAGMAN_RETRY_SUBMIT_FIRST setting: True
09/23/15 21:53:20 DAGMAN_RETRY_NODE_FIRST setting: False
09/23/15 21:53:20 DAGMAN_MAX_JOBS_IDLE setting: 0
09/23/15 21:53:20 DAGMAN_MAX_JOBS_SUBMITTED setting: 0
09/23/15 21:53:20 DAGMAN_MAX_PRE_SCRIPTS setting: 0
09/23/15 21:53:20 DAGMAN_MAX_POST_SCRIPTS setting: 0
09/23/15 21:53:20 DAGMAN_ALLOW_LOG_ERROR setting: False
09/23/15 21:53:20 DAGMAN_MUNGE_NODE_NAMES setting: True
09/23/15 21:53:20 DAGMAN_PROHIBIT_MULTI_JOBS setting: False
09/23/15 21:53:20 DAGMAN_SUBMIT_DEPTH_FIRST setting: False
09/23/15 21:53:20 DAGMAN_ALWAYS_RUN_POST setting: True
09/23/15 21:53:20 DAGMAN_ABORT_DUPLICATES setting: True
09/23/15 21:53:20 DAGMAN_ABORT_ON_SCARY_SUBMIT setting: True
09/23/15 21:53:20 DAGMAN_PENDING_REPORT_INTERVAL setting: 600
09/23/15 21:53:20 DAGMAN_AUTO_RESCUE setting: True
09/23/15 21:53:20 DAGMAN_MAX_RESCUE_NUM setting: 100
09/23/15 21:53:20 DAGMAN_WRITE_PARTIAL_RESCUE setting: True
09/23/15 21:53:20 DAGMAN_DEFAULT_NODE_LOG setting: null
09/23/15 21:53:20 DAGMAN_GENERATE_SUBDAG_SUBMITS setting: True
09/23/15 21:53:20 ALL_DEBUG setting: 
09/23/15 21:53:20 DAGMAN_DEBUG setting: 
09/23/15 21:53:20 argv[0] == "condor_scheduniv_exec.157.0"
09/23/15 21:53:20 argv[1] == "-Lockfile"
09/23/15 21:53:20 argv[2] == "hw4.dag.lock"
09/23/15 21:53:20 argv[3] == "-AutoRescue"
09/23/15 21:53:20 argv[4] == "1"
09/23/15 21:53:20 argv[5] == "-DoRescueFrom"
09/23/15 21:53:20 argv[6] == "0"
09/23/15 21:53:20 argv[7] == "-Dag"
09/23/15 21:53:20 argv[8] == "hw4.dag"
09/23/15 21:53:20 argv[9] == "-CsdVersion"
09/23/15 21:53:20 argv[10] == "$CondorVersion: 7.8.2 Feb 02 2015 Debian-7.8.2~dfsg.1-1+deb7u3 $"
09/23/15 21:53:20 argv[11] == "-Dagman"
09/23/15 21:53:20 argv[12] == "/usr/bin/condor_dagman"
09/23/15 21:53:20 Default node log file is: </home/pi/CSCE835/hw4/part2/hw4.dag.nodes.log>
09/23/15 21:53:20 DAG Lockfile will be written to hw4.dag.lock
09/23/15 21:53:20 DAG Input file is hw4.dag
09/23/15 21:53:20 Parsing 1 dagfiles
09/23/15 21:53:20 Parsing hw4.dag ...
09/23/15 21:53:20 Dag contains 1 total jobs
09/23/15 21:53:20 Sleeping for 12 seconds to ensure ProcessId uniqueness
09/23/15 21:53:32 Bootstrapping...
09/23/15 21:53:32 Number of pre-completed nodes: 0
09/23/15 21:53:32 Running PRE script of Node A...
09/23/15 21:53:32 Create_Process(mkdir_cp.sh): child failed with errno 8 (Exec format error) before exec()
09/23/15 21:53:32   error: daemonCore->Create_Process() failed; PRE script of Job A failed
09/23/15 21:53:32 PRE Script of Job A failed with status 1
09/23/15 21:53:32 MultiLogFiles: truncating log file /home/pi/CSCE835/hw4/part2/log
09/23/15 21:53:32 Running POST script of Node A...
09/23/15 21:53:32 Create_Process(HW4_2_post.sh): child failed with errno 8 (Exec format error) before exec()
09/23/15 21:53:32   error: daemonCore->Create_Process() failed; POST script of Job A failed
09/23/15 21:53:32 Initializing logfile /home/pi/CSCE835/hw4/part2/log, -1, 0, 0
09/23/15 21:53:32 Registering condor_event_timer...
09/23/15 21:53:33 Currently monitoring 1 Condor log file(s)
09/23/15 21:53:33 Event: ULOG_POST_SCRIPT_TERMINATED for Condor Node A (-1.0.0)
09/23/15 21:53:33 POST Script of Node A failed with status 1
09/23/15 21:53:33 POST for Node A returned 1
09/23/15 21:53:33 Of 1 nodes total:
09/23/15 21:53:33  Done     Pre   Queued    Post   Ready   Un-Ready   Failed
09/23/15 21:53:33   ===     ===      ===     ===     ===        ===      ===
09/23/15 21:53:33     0       0        0       0       0          0        1
09/23/15 21:53:33 0 job proc(s) currently held
09/23/15 21:53:33 Aborting DAG...
09/23/15 21:53:33 Writing Rescue DAG to hw4.dag.rescue001...
09/23/15 21:53:33 Note: 0 total job deferrals because of -MaxJobs limit (0)
09/23/15 21:53:33 Note: 0 total job deferrals because of -MaxIdle limit (0)
09/23/15 21:53:33 Note: 0 total job deferrals because of node category throttles
09/23/15 21:53:33 Note: 0 total PRE script deferrals because of -MaxPre limit (0)
09/23/15 21:53:33 Note: 0 total POST script deferrals because of -MaxPost limit (0)
09/23/15 21:53:33 **** condor_scheduniv_exec.157.0 (condor_DAGMAN) pid 4545 EXITING WITH STATUS 1
